-------------------------------------------------------------------------------
Test set: examplesselenium.Test_001
-------------------------------------------------------------------------------
Tests run: 5, Failures: 1, Errors: 0, Skipped: 4, Time elapsed: 0.31 s <<< FAILURE! - in examplesselenium.Test_001
report(examplesselenium.Test_001)  Time elapsed: 0.204 s  <<< FAILURE!
java.lang.Error: 
Unresolved compilation problem: 
	VERSION_2_3_29 cannot be resolved or is not a field


